c:\users\lukej\documents\visual studio 2015\projects\knee_habilitation_project\knee_habilitation_project\x64\debug\vc140.pdb
c:\users\lukej\documents\visual studio 2015\projects\knee_habilitation_project\knee_habilitation_project\x64\debug\vc140.idb
c:\users\lukej\documents\visual studio 2015\projects\knee_habilitation_project\knee_habilitation_project\x64\debug\horizontal_alignment.obj
c:\users\lukej\documents\visual studio 2015\projects\knee_habilitation_project\knee_habilitation_project\x64\debug\liir.obj
c:\users\lukej\documents\visual studio 2015\projects\knee_habilitation_project\knee_habilitation_project\x64\debug\main.obj
c:\users\lukej\documents\visual studio 2015\projects\knee_habilitation_project\knee_habilitation_project\x64\debug\preprocessing.obj
c:\users\lukej\documents\visual studio 2015\projects\knee_habilitation_project\knee_habilitation_project\x64\debug\quaternions.obj
c:\users\lukej\documents\visual studio 2015\projects\knee_habilitation_project\knee_habilitation_project\x64\debug\resampling.obj
c:\users\lukej\documents\visual studio 2015\projects\knee_habilitation_project\knee_habilitation_project\x64\debug\temporal_intervals_module.obj
c:\users\lukej\documents\visual studio 2015\projects\knee_habilitation_project\knee_habilitation_project\x64\debug\txt2mat.obj
c:\users\lukej\documents\visual studio 2015\projects\knee_habilitation_project\knee_habilitation_project\x64\debug\vector.obj
c:\users\lukej\documents\visual studio 2015\projects\knee_habilitation_project\x64\debug\knee_habilitation_project.pdb
c:\users\lukej\documents\visual studio 2015\projects\knee_habilitation_project\knee_habilitation_project\x64\debug\knee_hab.8936b962.tlog\cl.command.1.tlog
c:\users\lukej\documents\visual studio 2015\projects\knee_habilitation_project\knee_habilitation_project\x64\debug\knee_hab.8936b962.tlog\cl.read.1.tlog
c:\users\lukej\documents\visual studio 2015\projects\knee_habilitation_project\knee_habilitation_project\x64\debug\knee_hab.8936b962.tlog\cl.write.1.tlog
c:\users\lukej\documents\visual studio 2015\projects\knee_habilitation_project\knee_habilitation_project\x64\debug\knee_hab.8936b962.tlog\link-cvtres.read.1.tlog
c:\users\lukej\documents\visual studio 2015\projects\knee_habilitation_project\knee_habilitation_project\x64\debug\knee_hab.8936b962.tlog\link-cvtres.write.1.tlog
c:\users\lukej\documents\visual studio 2015\projects\knee_habilitation_project\knee_habilitation_project\x64\debug\knee_hab.8936b962.tlog\link-rc.read.1.tlog
c:\users\lukej\documents\visual studio 2015\projects\knee_habilitation_project\knee_habilitation_project\x64\debug\knee_hab.8936b962.tlog\link-rc.write.1.tlog
c:\users\lukej\documents\visual studio 2015\projects\knee_habilitation_project\knee_habilitation_project\x64\debug\knee_hab.8936b962.tlog\link.command.1.tlog
c:\users\lukej\documents\visual studio 2015\projects\knee_habilitation_project\knee_habilitation_project\x64\debug\knee_hab.8936b962.tlog\link.read.1.tlog
c:\users\lukej\documents\visual studio 2015\projects\knee_habilitation_project\knee_habilitation_project\x64\debug\knee_hab.8936b962.tlog\link.write.1.tlog
